{"message":"Status 400: Bad Request","context":{"success":false,"message":"Bad request. Please provide a valid category ID.","status":400,"path":"/v1/customers/0"},"level":550,"level_name":"ALERT","channel":"payment-api","datetime":"2023-10-07T20:42:15.543552+00:00","extra":{}}
{"message":"Status 400: Bad Request","context":{"success":false,"message":"Request must be either a float or an integer only.","status":404,"path":"/v1/payments"},"level":550,"level_name":"ALERT","channel":"payment-api","datetime":"2023-10-07T20:57:04.496396+00:00","extra":{}}
{"message":"Status 400: Bad Request","context":{"success":false,"message":"Request must be either a float or an integer only.","status":400,"path":"/v1/payments"},"level":550,"level_name":"ALERT","channel":"payment-api","datetime":"2023-10-07T20:58:11.022831+00:00","extra":{}}
{"message":"Status 400: Bad Request","context":{"success":false,"message":"Request must be either a float or an integer only.","status":400,"path":"/v1/payments"},"level":550,"level_name":"ALERT","channel":"payment-api","datetime":"2023-10-07T20:58:29.429496+00:00","extra":{}}
{"message":"Status 400: Bad Request","context":{"success":false,"message":"Request must be either a float or an integer only.","status":400,"path":"/v1/payments"},"level":550,"level_name":"ALERT","channel":"payment-api","datetime":"2023-10-07T20:58:39.782327+00:00","extra":{}}
{"message":"Status 400: Bad Request","context":{"success":false,"message":"Request must be either a float or an integer only.","status":400,"path":"/v1/payments"},"level":550,"level_name":"ALERT","channel":"payment-api","datetime":"2023-10-07T20:59:39.403862+00:00","extra":{}}
{"message":"Status 400: Bad Request","context":{"success":false,"message":"Request must be either a float or an integer only.","status":400,"path":"/v1/payments"},"level":550,"level_name":"ALERT","channel":"payment-api","datetime":"2023-10-07T21:00:07.819317+00:00","extra":{}}
{"message":"Status 400: Bad Request","context":{"success":false,"message":"Request must be either a float or an integer only.","status":400,"path":"/v1/payments"},"level":550,"level_name":"ALERT","channel":"payment-api","datetime":"2023-10-07T21:01:12.133111+00:00","extra":{}}
{"message":"Status 400: Bad Request","context":{"success":false,"message":"Request must be either a float or an integer only.","status":400,"path":"/v1/payments"},"level":550,"level_name":"ALERT","channel":"payment-api","datetime":"2023-10-07T21:01:18.073076+00:00","extra":{}}
{"message":"Status 400: Bad Request","context":{"success":false,"message":"Request must be either a float or an integer only.","status":400,"path":"/v1/payments"},"level":550,"level_name":"ALERT","channel":"payment-api","datetime":"2023-10-07T21:14:38.569373+00:00","extra":{}}
{"message":"Status 400: Bad Request","context":{"success":false,"message":"Request must be of type 'string'.","status":400,"path":"/v1/customers"},"level":550,"level_name":"ALERT","channel":"payment-api","datetime":"2023-10-07T21:21:37.398776+00:00","extra":{}}
{"message":"Status 400: Bad Request","context":{"success":false,"message":"Request must be of type 'string'.","status":400,"path":"/v1/customers"},"level":550,"level_name":"ALERT","channel":"payment-api","datetime":"2023-10-07T21:24:48.359104+00:00","extra":{}}
{"message":"Status 400: Bad Request","context":{"success":false,"message":"Request must be of type 'string'.","status":400,"path":"/v1/customers"},"level":550,"level_name":"ALERT","channel":"payment-api","datetime":"2023-10-07T21:25:05.869056+00:00","extra":{}}
{"message":"Internal Server Error","context":{},"level":550,"level_name":"ALERT","channel":"payment-api","datetime":"2023-10-08T14:30:52.598079+00:00","extra":{}}
{"message":"Internal Server Error","context":{},"level":550,"level_name":"ALERT","channel":"payment-api","datetime":"2023-10-08T14:30:52.600287+00:00","extra":{}}
{"message":"Internal Server Error","context":{},"level":550,"level_name":"ALERT","channel":"payment-api","datetime":"2023-10-08T14:31:41.644184+00:00","extra":{}}
{"message":"Internal Server Error","context":{},"level":550,"level_name":"ALERT","channel":"payment-api","datetime":"2023-10-08T14:32:08.154981+00:00","extra":{}}
{"message":"Not found.","context":{},"level":500,"level_name":"CRITICAL","channel":"payment-api","datetime":"2023-10-08T15:08:29.029966+00:00","extra":{}}
{"message":"Not found.","context":{},"level":500,"level_name":"CRITICAL","channel":"payment-api","datetime":"2023-10-08T15:08:52.827345+00:00","extra":{}}
{"message":"Not found.","context":{},"level":500,"level_name":"CRITICAL","channel":"payment-api","datetime":"2023-10-08T15:08:58.210109+00:00","extra":{}}
{"message":"Not found.","context":{},"level":500,"level_name":"CRITICAL","channel":"payment-api","datetime":"2023-10-08T15:09:08.895138+00:00","extra":{}}
{"message":"Not found.","context":{},"level":500,"level_name":"CRITICAL","channel":"payment-api","datetime":"2023-10-08T15:09:13.640236+00:00","extra":{}}
{"message":"Not found.","context":{},"level":500,"level_name":"CRITICAL","channel":"payment-api","datetime":"2023-10-08T15:09:52.701860+00:00","extra":{}}
{"message":"Not found.","context":{},"level":500,"level_name":"CRITICAL","channel":"payment-api","datetime":"2023-10-08T15:10:23.412195+00:00","extra":{}}
{"message":"Not found.","context":{},"level":500,"level_name":"CRITICAL","channel":"payment-api","datetime":"2023-10-08T15:15:19.930397+00:00","extra":{}}
{"message":"Internal Server Error","context":{},"level":550,"level_name":"ALERT","channel":"payment-api","datetime":"2023-10-08T21:06:21.430230+00:00","extra":{}}
{"message":"Internal Server Error","context":{},"level":550,"level_name":"ALERT","channel":"payment-api","datetime":"2023-10-08T21:06:27.908434+00:00","extra":{}}
{"message":"Internal Server Error","context":{},"level":550,"level_name":"ALERT","channel":"payment-api","datetime":"2023-10-08T21:08:24.172014+00:00","extra":{}}
{"message":"Internal Server Error","context":{},"level":550,"level_name":"ALERT","channel":"payment-api","datetime":"2023-10-08T21:08:34.053275+00:00","extra":{}}
{"message":"Internal Server Error","context":{},"level":550,"level_name":"ALERT","channel":"payment-api","datetime":"2023-10-08T21:18:32.512747+00:00","extra":{}}
{"message":"Internal Server Error","context":{},"level":550,"level_name":"ALERT","channel":"payment-api","datetime":"2023-10-08T21:22:57.240847+00:00","extra":{}}
{"message":"Internal Server Error","context":{},"level":550,"level_name":"ALERT","channel":"payment-api","datetime":"2023-10-08T21:24:15.792655+00:00","extra":{}}
{"message":"Internal Server Error","context":{},"level":550,"level_name":"ALERT","channel":"payment-api","datetime":"2023-10-08T21:24:40.139902+00:00","extra":{}}
{"message":"Internal Server Error","context":{},"level":550,"level_name":"ALERT","channel":"payment-api","datetime":"2023-10-09T11:48:33.409750+00:00","extra":{}}
{"message":"Not found.","context":{},"level":500,"level_name":"CRITICAL","channel":"payment-api","datetime":"2023-10-09T12:42:05.210844+00:00","extra":{}}
{"message":"Status 400: Bad Request","context":{"success":false,"message":"Request must be either a float or an integer only.","status":400,"path":"/v1/payments"},"level":550,"level_name":"ALERT","channel":"payment-api","datetime":"2023-10-09T23:08:41.740975+00:00","extra":{}}
{"message":"Internal Server Error","context":{},"level":550,"level_name":"ALERT","channel":"payment-api","datetime":"2023-10-10T02:21:20.240750+02:00","extra":{}}
{"message":"Internal Server Error","context":{},"level":550,"level_name":"ALERT","channel":"payment-api","datetime":"2023-10-10T02:21:44.365133+02:00","extra":{}}
