[2023-10-07T20:38:03.566400+00:00] payment-api.INFO: Status 400: Invalid JSON data (Bad request). [] []
[2023-10-07T20:40:47.454975+00:00] payment-api.INFO: Status 400: Invalid JSON data (Bad request). {"success":false,"message":"Invalid or incomplete JSON data","status":400,"path":"/v1/customers"} []
[2023-10-07T20:41:10.484625+00:00] payment-api.INFO: Status 404: Customer not found with this id:2 {"success":false,"message":"Customer resource not found","status":404,"path":"/v1/customers/2"} []
[2023-10-07T20:42:15.543552+00:00] payment-api.ALERT: Status 400: Bad Request {"success":false,"message":"Bad request. Please provide a valid category ID.","status":400,"path":"/v1/customers/0"} []
[2023-10-07T20:57:04.496396+00:00] payment-api.ALERT: Status 400: Bad Request {"success":false,"message":"Request must be either a float or an integer only.","status":404,"path":"/v1/payments"} []
[2023-10-07T20:58:11.022831+00:00] payment-api.ALERT: Status 400: Bad Request {"success":false,"message":"Request must be either a float or an integer only.","status":400,"path":"/v1/payments"} []
[2023-10-07T20:58:29.429496+00:00] payment-api.ALERT: Status 400: Bad Request {"success":false,"message":"Request must be either a float or an integer only.","status":400,"path":"/v1/payments"} []
[2023-10-07T20:58:39.782327+00:00] payment-api.ALERT: Status 400: Bad Request {"success":false,"message":"Request must be either a float or an integer only.","status":400,"path":"/v1/payments"} []
[2023-10-07T20:59:39.403862+00:00] payment-api.ALERT: Status 400: Bad Request {"success":false,"message":"Request must be either a float or an integer only.","status":400,"path":"/v1/payments"} []
[2023-10-07T21:00:07.819317+00:00] payment-api.ALERT: Status 400: Bad Request {"success":false,"message":"Request must be either a float or an integer only.","status":400,"path":"/v1/payments"} []
[2023-10-07T21:01:12.133111+00:00] payment-api.ALERT: Status 400: Bad Request {"success":false,"message":"Request must be either a float or an integer only.","status":400,"path":"/v1/payments"} []
[2023-10-07T21:01:18.073076+00:00] payment-api.ALERT: Status 400: Bad Request {"success":false,"message":"Request must be either a float or an integer only.","status":400,"path":"/v1/payments"} []
[2023-10-07T21:14:38.569373+00:00] payment-api.ALERT: Status 400: Bad Request {"success":false,"message":"Request must be either a float or an integer only.","status":400,"path":"/v1/payments"} []
[2023-10-07T21:14:51.467568+00:00] payment-api.INFO: Status 400: Invalid JSON data (Bad request). {"success":false,"message":"Invalid or incomplete JSON data","status":400,"path":"/v1/payments"} []
[2023-10-07T21:21:37.398776+00:00] payment-api.ALERT: Status 400: Bad Request {"success":false,"message":"Request must be of type 'string'.","status":400,"path":"/v1/customers"} []
[2023-10-07T21:24:48.359104+00:00] payment-api.ALERT: Status 400: Bad Request {"success":false,"message":"Request must be of type 'string'.","status":400,"path":"/v1/customers"} []
[2023-10-07T21:25:05.869056+00:00] payment-api.ALERT: Status 400: Bad Request {"success":false,"message":"Request must be of type 'string'.","status":400,"path":"/v1/customers"} []
[2023-10-07T21:30:18.269204+00:00] payment-api.INFO: Status 404: Payment not found with this id:2 {"success":false,"message":"Payment resource not found","status":404,"path":"/v1/payments/2"} []
[2023-10-07T21:30:30.055668+00:00] payment-api.INFO: Status 404: Customer not found with this id:2 {"success":false,"message":"Resource customer not found","status":404,"path":"/v1/customer/2"} []
[2023-10-08T14:30:52.598079+00:00] payment-api.ALERT: Internal Server Error [] []
[2023-10-08T14:30:52.600287+00:00] payment-api.ALERT: Internal Server Error [] []
[2023-10-08T14:31:41.644184+00:00] payment-api.ALERT: Internal Server Error [] []
[2023-10-08T14:32:08.154981+00:00] payment-api.ALERT: Internal Server Error [] []
[2023-10-08T14:47:18.973224+00:00] payment-api.INFO: Status 400: Invalid JSON data (Bad request). {"success":false,"message":"Invalid or incomplete JSON data","status":400,"path":"/v1/methods"} []
[2023-10-08T15:05:13.413955+00:00] payment-api.INFO: Status 400: Email already registered (Bad request). [] []
[2023-10-08T15:06:37.354545+00:00] payment-api.INFO: Status 400: Invalid JSON data (Bad request). {"success":false,"message":"Invalid or incomplete JSON data","status":400,"path":"/v1/customers"} []
[2023-10-08T15:08:29.029966+00:00] payment-api.CRITICAL: Not found. [] []
[2023-10-08T15:08:52.827345+00:00] payment-api.CRITICAL: Not found. [] []
[2023-10-08T15:08:58.210109+00:00] payment-api.CRITICAL: Not found. [] []
[2023-10-08T15:09:08.895138+00:00] payment-api.CRITICAL: Not found. [] []
[2023-10-08T15:09:13.640236+00:00] payment-api.CRITICAL: Not found. [] []
[2023-10-08T15:09:52.701860+00:00] payment-api.CRITICAL: Not found. [] []
[2023-10-08T15:10:23.412195+00:00] payment-api.CRITICAL: Not found. [] []
[2023-10-08T15:15:19.930397+00:00] payment-api.CRITICAL: Not found. [] []
[2023-10-08T15:29:41.407398+00:00] payment-api.INFO: Status 400: Failed validation (Bad request). [] []
[2023-10-08T21:06:21.430230+00:00] payment-api.ALERT: Internal Server Error [] []
[2023-10-08T21:06:27.908434+00:00] payment-api.ALERT: Internal Server Error [] []
[2023-10-08T21:08:24.172014+00:00] payment-api.ALERT: Internal Server Error [] []
[2023-10-08T21:08:34.053275+00:00] payment-api.ALERT: Internal Server Error [] []
[2023-10-08T21:18:32.512747+00:00] payment-api.ALERT: Internal Server Error [] []
[2023-10-08T21:22:57.240847+00:00] payment-api.ALERT: Internal Server Error [] []
[2023-10-08T21:24:15.792655+00:00] payment-api.ALERT: Internal Server Error [] []
[2023-10-08T21:24:40.139902+00:00] payment-api.ALERT: Internal Server Error [] []
[2023-10-09T11:41:51.695836+00:00] payment-api.INFO: Status 400: Cannot delete a deactivated method {"success":false,"message":"Cannot delete a deactivated method","status":400,"path":"/v1/methods/1"} []
[2023-10-09T11:43:37.278602+00:00] payment-api.INFO: Status 401: Cannot delete a deactivated method {"success":false,"message":"Cannot delete a deactivated method","status":401,"path":"/v1/methods/1"} []
[2023-10-09T11:45:45.907604+00:00] payment-api.INFO: Status 401: Cannot delete a deactivated method {"success":false,"message":"Cannot delete a deactivated method","status":401,"path":"/v1/methods/1"} []
[2023-10-09T11:48:33.409750+00:00] payment-api.ALERT: Internal Server Error [] []
[2023-10-09T11:53:29.661368+00:00] payment-api.INFO: Status 403: Cannot delete a deactivated method {"success":false,"message":"Cannot delete a deactivated method","status":403,"path":"/v1/customers/1"} []
[2023-10-09T12:42:05.210844+00:00] payment-api.CRITICAL: Not found. [] []
[2023-10-09T22:51:38.390482+00:00] payment-api.INFO: Status 404: Customer not found with this id:1 [] []
[2023-10-09T22:56:28.834240+00:00] payment-api.INFO: Status 404: Customer not found with this id:1 [] []
[2023-10-09T23:02:11.638085+00:00] payment-api.INFO: Status 404: Customer not found with this id:1 [] []
[2023-10-09T23:06:35.251998+00:00] payment-api.INFO: Status 404: Method not found with this id:1 [] []
[2023-10-09T23:08:41.740975+00:00] payment-api.ALERT: Status 400: Bad Request {"success":false,"message":"Request must be either a float or an integer only.","status":400,"path":"/v1/payments"} []
[2023-10-09T23:47:37.033584+00:00] payment-api.INFO: Status 400: Invalid JSON data (Bad request). {"success":false,"message":"Invalid or incomplete JSON data","status":400,"path":"/v1/payments"} []
[2023-10-09T23:56:50.803193+00:00] payment-api.INFO: Status 400: Failed validation (Bad request). [] []
[2023-10-09T23:57:14.632234+00:00] payment-api.INFO: Status 400: Failed validation (Bad request). [] []
[2023-10-10T00:01:57.898212+00:00] payment-api.INFO: Status 400: Failed validation (Bad request). [] []
[2023-10-10T02:21:20.240750+02:00] payment-api.ALERT: Internal Server Error [] []
[2023-10-10T02:21:44.365133+02:00] payment-api.ALERT: Internal Server Error [] []
